To Kill a Mockingbird 5.0
Sabriel 5.0
My Sister's Keeper 5.0
Maus: A Survivor's Tale 5.0
Harry Potter Series 5.0
Flowers For Algernon 5.0
The Lion the Witch and the Wardrobe 4.333333333333333
The Hitchhiker's Guide To The Galaxy 4.333333333333333
The Golden Compass 4.333333333333333
The Da Vinci Code 4.0
The Lord of the Rings 3.6666666666666665
The Hobbit 3.6666666666666665
Holes 3.6666666666666665
Watership Down 3.0
The War Of The Worlds 3.0
The Princess Bride 3.0
Shattered 3.0
The Chrysalids 2.3333333333333335
Hatchet 2.3333333333333335
The Great Gatsby 2.0
Lord of the Flies 2.0
Life of Pi 2.0
Inkheart 2.0
Eragon 2.0
Speak 1.0
Bleach (graphic novel) 1.0
