The Hunger Games 5.0
The Five People You Meet in Heaven 5.0
The Da Vinci Code 5.0
Hatchet 5.0
Foundation Series 5.0
Holes 4.333333333333333
Harry Potter Series 4.333333333333333
Inkheart 4.0
Ender's Game 4.0
Twilight Series 3.6666666666666665
The Lion the Witch and the Wardrobe 3.6666666666666665
Life of Pi 3.6666666666666665
The Princess Diaries 3.0
The Hitchhiker's Guide To The Galaxy 3.0
The Golden Compass 3.0
My Sister's Keeper 3.0
Eragon 3.0
Dinotopia: A Land Apart from Time 3.0
The Lord of the Rings 1.0
Lord of the Flies 0.3333333333333333
