The Shadow Club 5.0
The Princess Bride 5.0
The Lord of the Rings 5.0
The Hobbit 5.0
Speak 5.0
Shattered 5.0
Sabriel 5.0
Ranger's Apprentice Series 5.0
My Sister's Keeper 5.0
Holes 5.0
Harry Potter Series 5.0
Flowers For Algernon 5.0
Far North 5.0
Ender's Game 5.0
Dealing with Dragons 5.0
Bone Series 5.0
Bleach (graphic novel) 5.0
The Lion the Witch and the Wardrobe 4.333333333333333
The Hitchhiker's Guide To The Galaxy 4.333333333333333
The Golden Compass 4.333333333333333
Hatchet 4.333333333333333
Eragon 4.333333333333333
Lord of the Flies 4.0
To Kill a Mockingbird 3.6666666666666665
The War Of The Worlds 3.6666666666666665
The Sisterhood of the Travelling Pants 3.6666666666666665
Watership Down 3.0
The Da Vinci Code 3.0
The Bourne Series 3.0
Inkheart 3.0
The Great Gatsby 1.0
Life of Pi 1.0
The Princess Diaries 0.3333333333333333
The Chrysalids 0.3333333333333333
